# JRE version: OpenJDK Runtime Environment (17.0.6) (build 17.0.6+0-b2043.56-10027231)
# Java VM: OpenJDK 64-Bit Server VM (17.0.6+0-b2043.56-10027231, mixed mode, tiered, compressed oops, compressed class ptrs, g1 gc, windows-amd64)
GC Precious Log:
 CPUs: 2 total, 2 available
 Memory: 7632M
 Large Page Support: Disabled
 NUMA Support: Disabled
 Compressed Oops: Enabled (32-bit)
 Heap Region Size: 1M
 Heap Min Capacity: 8M
 Heap Initial Capacity: 120M
 Heap Max Capacity: 2G
 Pre-touch: Disabled
 Parallel Workers: 2
 Concurrent Workers: 1
 Concurrent Refinement Workers: 2
 Periodic GC: Disabled
Heap:
 garbage-first heap   total 249856K, used 150899K [0x0000000080000000, 0x0000000100000000)
  region size 1024K, 1 young (1024K), 1 survivors (1024K)
 Metaspace       used 103186K, committed 103936K, reserved 1138688K
  class space    used 13805K, committed 14144K, reserved 1048576K
GC Heap History (20 events):
Event: 35.217 GC heap after
{Heap after GC invocations=54 (full 0):
 garbage-first heap   total 176128K, used 98697K [0x0000000080000000, 0x0000000100000000)
  region size 1024K, 4 young (4096K), 4 survivors (4096K)
 Metaspace       used 77319K, committed 78016K, reserved 1122304K
  class space    used 10742K, committed 11072K, reserved 1048576K
}
Event: 36.800 GC heap before
{Heap before GC invocations=55 (full 0):
 garbage-first heap   total 176128K, used 132489K [0x0000000080000000, 0x0000000100000000)
  region size 1024K, 37 young (37888K), 4 survivors (4096K)
 Metaspace       used 81528K, committed 82240K, reserved 1122304K
  class space    used 11317K, committed 11648K, reserved 1048576K
}
Event: 36.817 GC heap after
{Heap after GC invocations=56 (full 0):
 garbage-first heap   total 176128K, used 101380K [0x0000000080000000, 0x0000000100000000)
  region size 1024K, 5 young (5120K), 5 survivors (5120K)
 Metaspace       used 81528K, committed 82240K, reserved 1122304K
  class space    used 11317K, committed 11648K, reserved 1048576K
}
Event: 39.016 GC heap before
{Heap before GC invocations=56 (full 0):
 garbage-first heap   total 176128K, used 136196K [0x0000000080000000, 0x0000000100000000)
  region size 1024K, 39 young (39936K), 5 survivors (5120K)
 Metaspace       used 83667K, committed 84352K, reserved 1122304K
  class space    used 11588K, committed 11904K, reserved 1048576K
}
Event: 39.037 GC heap after
{Heap after GC invocations=57 (full 0):
 garbage-first heap   total 176128K, used 103792K [0x0000000080000000, 0x0000000100000000)
  region size 1024K, 5 young (5120K), 5 survivors (5120K)
 Metaspace       used 83667K, committed 84352K, reserved 1122304K
  class space    used 11588K, committed 11904K, reserved 1048576K
}
Event: 40.327 GC heap before
{Heap before GC invocations=58 (full 0):
 garbage-first heap   total 178176K, used 129392K [0x0000000080000000, 0x0000000100000000)
  region size 1024K, 31 young (31744K), 5 survivors (5120K)
 Metaspace       used 87812K, committed 88512K, reserved 1130496K
  class space    used 12112K, committed 12416K, reserved 1048576K
}
Event: 40.365 GC heap after
{Heap after GC invocations=59 (full 0):
 garbage-first heap   total 178176K, used 104715K [0x0000000080000000, 0x0000000100000000)
  region size 1024K, 4 young (4096K), 4 survivors (4096K)
 Metaspace       used 87812K, committed 88512K, reserved 1130496K
  class space    used 12112K, committed 12416K, reserved 1048576K
}
Event: 43.289 GC heap before
{Heap before GC invocations=60 (full 0):
 garbage-first heap   total 183296K, used 145675K [0x0000000080000000, 0x0000000100000000)
  region size 1024K, 41 young (41984K), 4 survivors (4096K)
 Metaspace       used 93761K, committed 94528K, reserved 1130496K
  class space    used 12867K, committed 13184K, reserved 1048576K
}
Event: 43.306 GC heap after
{Heap after GC invocations=61 (full 0):
 garbage-first heap   total 183296K, used 110307K [0x0000000080000000, 0x0000000100000000)
  region size 1024K, 3 young (3072K), 3 survivors (3072K)
 Metaspace       used 93761K, committed 94528K, reserved 1130496K
  class space    used 12867K, committed 13184K, reserved 1048576K
}
Event: 44.297 GC heap before
{Heap before GC invocations=62 (full 0):
 garbage-first heap   total 199680K, used 155363K [0x0000000080000000, 0x0000000100000000)
  region size 1024K, 41 young (41984K), 3 survivors (3072K)
 Metaspace       used 93932K, committed 94656K, reserved 1130496K
  class space    used 12876K, committed 13184K, reserved 1048576K
}
Event: 44.344 GC heap after
{Heap after GC invocations=63 (full 0):
 garbage-first heap   total 199680K, used 121233K [0x0000000080000000, 0x0000000100000000)
  region size 1024K, 6 young (6144K), 6 survivors (6144K)
 Metaspace       used 93932K, committed 94656K, reserved 1130496K
  class space    used 12876K, committed 13184K, reserved 1048576K
}
Event: 45.092 GC heap before
{Heap before GC invocations=63 (full 0):
 garbage-first heap   total 199680K, used 159121K [0x0000000080000000, 0x0000000100000000)
  region size 1024K, 43 young (44032K), 6 survivors (6144K)
 Metaspace       used 93936K, committed 94656K, reserved 1130496K
  class space    used 12876K, committed 13184K, reserved 1048576K
}
Event: 45.158 GC heap after
{Heap after GC invocations=64 (full 0):
 garbage-first heap   total 199680K, used 133040K [0x0000000080000000, 0x0000000100000000)
  region size 1024K, 6 young (6144K), 6 survivors (6144K)
 Metaspace       used 93936K, committed 94656K, reserved 1130496K
  class space    used 12876K, committed 13184K, reserved 1048576K
}
Event: 46.563 GC heap before
{Heap before GC invocations=65 (full 0):
 garbage-first heap   total 224256K, used 159664K [0x0000000080000000, 0x0000000100000000)
  region size 1024K, 32 young (32768K), 6 survivors (6144K)
 Metaspace       used 95672K, committed 96448K, reserved 1138688K
  class space    used 13086K, committed 13440K, reserved 1048576K
}
Event: 46.593 GC heap after
{Heap after GC invocations=66 (full 0):
 garbage-first heap   total 224256K, used 137136K [0x0000000080000000, 0x0000000100000000)
  region size 1024K, 4 young (4096K), 4 survivors (4096K)
 Metaspace       used 95672K, committed 96448K, reserved 1138688K
  class space    used 13086K, committed 13440K, reserved 1048576K
}
Event: 47.338 GC heap before
{Heap before GC invocations=66 (full 0):
 garbage-first heap   total 224256K, used 155568K [0x0000000080000000, 0x0000000100000000)
  region size 1024K, 23 young (23552K), 4 survivors (4096K)
 Metaspace       used 98290K, committed 99072K, reserved 1138688K
  class space    used 13375K, committed 13696K, reserved 1048576K
}
Event: 47.354 GC heap after
{Heap after GC invocations=67 (full 0):
 garbage-first heap   total 224256K, used 138905K [0x0000000080000000, 0x0000000100000000)
  region size 1024K, 2 young (2048K), 2 survivors (2048K)
 Metaspace       used 98290K, committed 99072K, reserved 1138688K
  class space    used 13375K, committed 13696K, reserved 1048576K
}
Event: 49.538 GC heap before
{Heap before GC invocations=68 (full 0):
 garbage-first heap   total 249856K, used 187033K [0x0000000080000000, 0x0000000100000000)
  region size 1024K, 43 young (44032K), 2 survivors (2048K)
 Metaspace       used 102090K, committed 102848K, reserved 1138688K
  class space    used 13738K, committed 14080K, reserved 1048576K
}
Event: 49.584 GC heap after
{Heap after GC invocations=69 (full 0):
 garbage-first heap   total 249856K, used 150241K [0x0000000080000000, 0x0000000100000000)
  region size 1024K, 6 young (6144K), 6 survivors (6144K)
 Metaspace       used 102090K, committed 102848K, reserved 1138688K
  class space    used 13738K, committed 14080K, reserved 1048576K
}
Event: 50.282 GC heap before
{Heap before GC invocations=69 (full 0):
 garbage-first heap   total 249856K, used 155361K [0x0000000080000000, 0x0000000100000000)
  region size 1024K, 12 young (12288K), 6 survivors (6144K)
 Metaspace       used 103186K, committed 103936K, reserved 1138688K
  class space    used 13805K, committed 14144K, reserved 1048576K
}

