# JRE version: OpenJDK Runtime Environment (17.0.6) (build 17.0.6+0-b2043.56-10027231)
# Java VM: OpenJDK 64-Bit Server VM (17.0.6+0-b2043.56-10027231, mixed mode, tiered, compressed oops, compressed class ptrs, g1 gc, windows-amd64)
GC Precious Log:
 CPUs: 2 total, 2 available
 Memory: 7632M
 Large Page Support: Disabled
 NUMA Support: Disabled
 Compressed Oops: Enabled (32-bit)
 Heap Region Size: 1M
 Heap Min Capacity: 8M
 Heap Initial Capacity: 120M
 Heap Max Capacity: 2G
 Pre-touch: Disabled
 Parallel Workers: 2
 Concurrent Workers: 1
 Concurrent Refinement Workers: 2
 Periodic GC: Disabled
Heap:
 garbage-first heap   total 271360K, used 184623K [0x0000000080000000, 0x0000000100000000)
  region size 1024K, 31 young (31744K), 2 survivors (2048K)
 Metaspace       used 112921K, committed 113664K, reserved 1155072K
  class space    used 15003K, committed 15360K, reserved 1048576K
GC Heap History (20 events):
Event: 75.348 GC heap before
{Heap before GC invocations=54 (full 0):
 garbage-first heap   total 214016K, used 128707K [0x0000000080000000, 0x0000000100000000)
  region size 1024K, 32 young (32768K), 7 survivors (7168K)
 Metaspace       used 87765K, committed 88448K, reserved 1130496K
  class space    used 12114K, committed 12416K, reserved 1048576K
}
Event: 75.369 GC heap after
{Heap after GC invocations=55 (full 0):
 garbage-first heap   total 214016K, used 105117K [0x0000000080000000, 0x0000000100000000)
  region size 1024K, 5 young (5120K), 5 survivors (5120K)
 Metaspace       used 87765K, committed 88448K, reserved 1130496K
  class space    used 12114K, committed 12416K, reserved 1048576K
}
Event: 77.670 GC heap before
{Heap before GC invocations=56 (full 0):
 garbage-first heap   total 214016K, used 146077K [0x0000000080000000, 0x0000000100000000)
  region size 1024K, 42 young (43008K), 5 survivors (5120K)
 Metaspace       used 93718K, committed 94400K, reserved 1130496K
  class space    used 12871K, committed 13184K, reserved 1048576K
}
Event: 77.694 GC heap after
{Heap after GC invocations=57 (full 0):
 garbage-first heap   total 214016K, used 110693K [0x0000000080000000, 0x0000000100000000)
  region size 1024K, 3 young (3072K), 3 survivors (3072K)
 Metaspace       used 93718K, committed 94400K, reserved 1130496K
  class space    used 12871K, committed 13184K, reserved 1048576K
}
Event: 79.036 GC heap before
{Heap before GC invocations=58 (full 0):
 garbage-first heap   total 214016K, used 174181K [0x0000000080000000, 0x0000000100000000)
  region size 1024K, 59 young (60416K), 3 survivors (3072K)
 Metaspace       used 93873K, committed 94528K, reserved 1130496K
  class space    used 12880K, committed 13184K, reserved 1048576K
}
Event: 79.100 GC heap after
{Heap after GC invocations=59 (full 0):
 garbage-first heap   total 214016K, used 127575K [0x0000000080000000, 0x0000000100000000)
  region size 1024K, 8 young (8192K), 8 survivors (8192K)
 Metaspace       used 93873K, committed 94528K, reserved 1130496K
  class space    used 12880K, committed 13184K, reserved 1048576K
}
Event: 80.320 GC heap before
{Heap before GC invocations=59 (full 0):
 garbage-first heap   total 214016K, used 168535K [0x0000000080000000, 0x0000000100000000)
  region size 1024K, 48 young (49152K), 8 survivors (8192K)
 Metaspace       used 94835K, committed 95552K, reserved 1138688K
  class space    used 12989K, committed 13312K, reserved 1048576K
}
Event: 80.378 GC heap after
{Heap after GC invocations=60 (full 0):
 garbage-first heap   total 214016K, used 136606K [0x0000000080000000, 0x0000000100000000)
  region size 1024K, 6 young (6144K), 6 survivors (6144K)
 Metaspace       used 94835K, committed 95552K, reserved 1138688K
  class space    used 12989K, committed 13312K, reserved 1048576K
}
Event: 81.748 GC heap before
{Heap before GC invocations=61 (full 0):
 garbage-first heap   total 237568K, used 177566K [0x0000000080000000, 0x0000000100000000)
  region size 1024K, 40 young (40960K), 6 survivors (6144K)
 Metaspace       used 98514K, committed 99200K, reserved 1138688K
  class space    used 13390K, committed 13696K, reserved 1048576K
}
Event: 81.778 GC heap after
{Heap after GC invocations=62 (full 0):
 garbage-first heap   total 237568K, used 148382K [0x0000000080000000, 0x0000000100000000)
  region size 1024K, 5 young (5120K), 5 survivors (5120K)
 Metaspace       used 98514K, committed 99200K, reserved 1138688K
  class space    used 13390K, committed 13696K, reserved 1048576K
}
Event: 82.022 GC heap before
{Heap before GC invocations=62 (full 0):
 garbage-first heap   total 237568K, used 154526K [0x0000000080000000, 0x0000000100000000)
  region size 1024K, 11 young (11264K), 5 survivors (5120K)
 Metaspace       used 98867K, committed 99584K, reserved 1138688K
  class space    used 13417K, committed 13760K, reserved 1048576K
}
Event: 82.038 GC heap after
{Heap after GC invocations=63 (full 0):
 garbage-first heap   total 237568K, used 148382K [0x0000000080000000, 0x0000000100000000)
  region size 1024K, 1 young (1024K), 1 survivors (1024K)
 Metaspace       used 98867K, committed 99584K, reserved 1138688K
  class space    used 13417K, committed 13760K, reserved 1048576K
}
Event: 83.949 GC heap before
{Heap before GC invocations=63 (full 0):
 garbage-first heap   total 237568K, used 190366K [0x0000000080000000, 0x0000000100000000)
  region size 1024K, 42 young (43008K), 1 survivors (1024K)
 Metaspace       used 104404K, committed 105088K, reserved 1146880K
  class space    used 13941K, committed 14272K, reserved 1048576K
}
Event: 83.966 GC heap after
{Heap after GC invocations=64 (full 0):
 garbage-first heap   total 237568K, used 152236K [0x0000000080000000, 0x0000000100000000)
  region size 1024K, 5 young (5120K), 5 survivors (5120K)
 Metaspace       used 104404K, committed 105088K, reserved 1146880K
  class space    used 13941K, committed 14272K, reserved 1048576K
}
Event: 86.035 GC heap before
{Heap before GC invocations=65 (full 0):
 garbage-first heap   total 263168K, used 193196K [0x0000000080000000, 0x0000000100000000)
  region size 1024K, 45 young (46080K), 5 survivors (5120K)
 Metaspace       used 109790K, committed 110528K, reserved 1146880K
  class space    used 14579K, committed 14912K, reserved 1048576K
}
Event: 86.052 GC heap after
{Heap after GC invocations=66 (full 0):
 garbage-first heap   total 263168K, used 154208K [0x0000000080000000, 0x0000000100000000)
  region size 1024K, 3 young (3072K), 3 survivors (3072K)
 Metaspace       used 109790K, committed 110528K, reserved 1146880K
  class space    used 14579K, committed 14912K, reserved 1048576K
}
Event: 86.686 GC heap before
{Heap before GC invocations=66 (full 0):
 garbage-first heap   total 263168K, used 162400K [0x0000000080000000, 0x0000000100000000)
  region size 1024K, 12 young (12288K), 3 survivors (3072K)
 Metaspace       used 111344K, committed 112064K, reserved 1146880K
  class space    used 14823K, committed 15168K, reserved 1048576K
}
Event: 86.697 GC heap after
{Heap after GC invocations=67 (full 0):
 garbage-first heap   total 263168K, used 154366K [0x0000000080000000, 0x0000000100000000)
  region size 1024K, 1 young (1024K), 1 survivors (1024K)
 Metaspace       used 111344K, committed 112064K, reserved 1146880K
  class space    used 14823K, committed 15168K, reserved 1048576K
}
Event: 87.016 GC heap before
{Heap before GC invocations=67 (full 0):
 garbage-first heap   total 263168K, used 161534K [0x0000000080000000, 0x0000000100000000)
  region size 1024K, 9 young (9216K), 1 survivors (1024K)
 Metaspace       used 112250K, committed 112896K, reserved 1146880K
  class space    used 14925K, committed 15232K, reserved 1048576K
}
Event: 87.027 GC heap after
{Heap after GC invocations=68 (full 0):
 garbage-first heap   total 263168K, used 154927K [0x0000000080000000, 0x0000000100000000)
  region size 1024K, 2 young (2048K), 2 survivors (2048K)
 Metaspace       used 112250K, committed 112896K, reserved 1146880K
  class space    used 14925K, committed 15232K, reserved 1048576K
}

