# JRE version: OpenJDK Runtime Environment (17.0.6) (build 17.0.6+0-b2043.56-10027231)
# Java VM: OpenJDK 64-Bit Server VM (17.0.6+0-b2043.56-10027231, mixed mode, tiered, compressed oops, compressed class ptrs, g1 gc, windows-amd64)
GC Precious Log:
 CPUs: 2 total, 2 available
 Memory: 7632M
 Large Page Support: Disabled
 NUMA Support: Disabled
 Compressed Oops: Enabled (32-bit)
 Heap Region Size: 1M
 Heap Min Capacity: 8M
 Heap Initial Capacity: 120M
 Heap Max Capacity: 2G
 Pre-touch: Disabled
 Parallel Workers: 2
 Concurrent Workers: 1
 Concurrent Refinement Workers: 2
 Periodic GC: Disabled
Heap:
 garbage-first heap   total 263168K, used 159038K [0x0000000080000000, 0x0000000100000000)
  region size 1024K, 6 young (6144K), 5 survivors (5120K)
 Metaspace       used 114358K, committed 115136K, reserved 1155072K
  class space    used 15105K, committed 15488K, reserved 1048576K
GC Heap History (20 events):
Event: 38.670 GC heap before
{Heap before GC invocations=54 (full 0):
 garbage-first heap   total 205824K, used 155596K [0x0000000080000000, 0x0000000100000000)
  region size 1024K, 51 young (52224K), 4 survivors (4096K)
 Metaspace       used 93235K, committed 94016K, reserved 1130496K
  class space    used 12775K, committed 13120K, reserved 1048576K
}
Event: 38.688 GC heap after
{Heap after GC invocations=55 (full 0):
 garbage-first heap   total 205824K, used 109516K [0x0000000080000000, 0x0000000100000000)
  region size 1024K, 5 young (5120K), 5 survivors (5120K)
 Metaspace       used 93235K, committed 94016K, reserved 1130496K
  class space    used 12775K, committed 13120K, reserved 1048576K
}
Event: 39.907 GC heap before
{Heap before GC invocations=56 (full 0):
 garbage-first heap   total 205824K, used 168908K [0x0000000080000000, 0x0000000100000000)
  region size 1024K, 57 young (58368K), 5 survivors (5120K)
 Metaspace       used 93364K, committed 94144K, reserved 1130496K
  class space    used 12783K, committed 13120K, reserved 1048576K
}
Event: 39.970 GC heap after
{Heap after GC invocations=57 (full 0):
 garbage-first heap   total 205824K, used 125231K [0x0000000080000000, 0x0000000100000000)
  region size 1024K, 8 young (8192K), 8 survivors (8192K)
 Metaspace       used 93364K, committed 94144K, reserved 1130496K
  class space    used 12783K, committed 13120K, reserved 1048576K
}
Event: 40.909 GC heap before
{Heap before GC invocations=57 (full 0):
 garbage-first heap   total 205824K, used 163119K [0x0000000080000000, 0x0000000100000000)
  region size 1024K, 45 young (46080K), 8 survivors (8192K)
 Metaspace       used 93704K, committed 94400K, reserved 1130496K
  class space    used 12810K, committed 13120K, reserved 1048576K
}
Event: 40.968 GC heap after
{Heap after GC invocations=58 (full 0):
 garbage-first heap   total 205824K, used 135628K [0x0000000080000000, 0x0000000100000000)
  region size 1024K, 6 young (6144K), 6 survivors (6144K)
 Metaspace       used 93704K, committed 94400K, reserved 1130496K
  class space    used 12810K, committed 13120K, reserved 1048576K
}
Event: 42.486 GC heap before
{Heap before GC invocations=59 (full 0):
 garbage-first heap   total 230400K, used 165324K [0x0000000080000000, 0x0000000100000000)
  region size 1024K, 35 young (35840K), 6 survivors (6144K)
 Metaspace       used 97613K, committed 98368K, reserved 1138688K
  class space    used 13270K, committed 13568K, reserved 1048576K
}
Event: 42.513 GC heap after
{Heap after GC invocations=60 (full 0):
 garbage-first heap   total 230400K, used 138188K [0x0000000080000000, 0x0000000100000000)
  region size 1024K, 2 young (2048K), 2 survivors (2048K)
 Metaspace       used 97613K, committed 98368K, reserved 1138688K
  class space    used 13270K, committed 13568K, reserved 1048576K
}
Event: 42.663 GC heap before
{Heap before GC invocations=60 (full 0):
 garbage-first heap   total 230400K, used 139212K [0x0000000080000000, 0x0000000100000000)
  region size 1024K, 4 young (4096K), 2 survivors (2048K)
 Metaspace       used 97770K, committed 98560K, reserved 1138688K
  class space    used 13286K, committed 13632K, reserved 1048576K
}
Event: 42.671 GC heap after
{Heap after GC invocations=61 (full 0):
 garbage-first heap   total 230400K, used 138188K [0x0000000080000000, 0x0000000100000000)
  region size 1024K, 2 young (2048K), 2 survivors (2048K)
 Metaspace       used 97770K, committed 98560K, reserved 1138688K
  class space    used 13286K, committed 13632K, reserved 1048576K
}
Event: 44.551 GC heap before
{Heap before GC invocations=62 (full 0):
 garbage-first heap   total 247808K, used 186316K [0x0000000080000000, 0x0000000100000000)
  region size 1024K, 43 young (44032K), 2 survivors (2048K)
 Metaspace       used 101553K, committed 102272K, reserved 1138688K
  class space    used 13652K, committed 13952K, reserved 1048576K
}
Event: 44.568 GC heap after
{Heap after GC invocations=63 (full 0):
 garbage-first heap   total 247808K, used 149406K [0x0000000080000000, 0x0000000100000000)
  region size 1024K, 6 young (6144K), 6 survivors (6144K)
 Metaspace       used 101553K, committed 102272K, reserved 1138688K
  class space    used 13652K, committed 13952K, reserved 1048576K
}
Event: 46.735 GC heap before
{Heap before GC invocations=63 (full 0):
 garbage-first heap   total 247808K, used 194462K [0x0000000080000000, 0x0000000100000000)
  region size 1024K, 50 young (51200K), 6 survivors (6144K)
 Metaspace       used 107921K, committed 108736K, reserved 1146880K
  class space    used 14335K, committed 14720K, reserved 1048576K
}
Event: 46.757 GC heap after
{Heap after GC invocations=64 (full 0):
 garbage-first heap   total 247808K, used 152337K [0x0000000080000000, 0x0000000100000000)
  region size 1024K, 3 young (3072K), 3 survivors (3072K)
 Metaspace       used 107921K, committed 108736K, reserved 1146880K
  class space    used 14335K, committed 14720K, reserved 1048576K
}
Event: 48.487 GC heap before
{Heap before GC invocations=65 (full 0):
 garbage-first heap   total 263168K, used 199441K [0x0000000080000000, 0x0000000100000000)
  region size 1024K, 48 young (49152K), 3 survivors (3072K)
 Metaspace       used 111857K, committed 112640K, reserved 1146880K
  class space    used 14837K, committed 15232K, reserved 1048576K
}
Event: 48.503 GC heap after
{Heap after GC invocations=66 (full 0):
 garbage-first heap   total 263168K, used 154831K [0x0000000080000000, 0x0000000100000000)
  region size 1024K, 6 young (6144K), 6 survivors (6144K)
 Metaspace       used 111857K, committed 112640K, reserved 1146880K
  class space    used 14837K, committed 15232K, reserved 1048576K
}
Event: 48.545 GC heap before
{Heap before GC invocations=66 (full 0):
 garbage-first heap   total 263168K, used 160975K [0x0000000080000000, 0x0000000100000000)
  region size 1024K, 12 young (12288K), 6 survivors (6144K)
 Metaspace       used 111863K, committed 112640K, reserved 1146880K
  class space    used 14837K, committed 15232K, reserved 1048576K
}
Event: 48.565 GC heap after
{Heap after GC invocations=67 (full 0):
 garbage-first heap   total 263168K, used 154982K [0x0000000080000000, 0x0000000100000000)
  region size 1024K, 1 young (1024K), 1 survivors (1024K)
 Metaspace       used 111863K, committed 112640K, reserved 1146880K
  class space    used 14837K, committed 15232K, reserved 1048576K
}
Event: 52.153 GC heap before
{Heap before GC invocations=67 (full 0):
 garbage-first heap   total 263168K, used 210278K [0x0000000080000000, 0x0000000100000000)
  region size 1024K, 55 young (56320K), 1 survivors (1024K)
 Metaspace       used 114358K, committed 115136K, reserved 1155072K
  class space    used 15105K, committed 15488K, reserved 1048576K
}
Event: 52.172 GC heap after
{Heap after GC invocations=68 (full 0):
 garbage-first heap   total 263168K, used 159038K [0x0000000080000000, 0x0000000100000000)
  region size 1024K, 5 young (5120K), 5 survivors (5120K)
 Metaspace       used 114358K, committed 115136K, reserved 1155072K
  class space    used 15105K, committed 15488K, reserved 1048576K
}

